[0.826s] Invoking command in '/home/andrew/repos/dokalman/motor_library/src/motor_control': CONDA_PROMPT_MODIFIER=(base) PYTHONPATH=/home/andrew/repos/dokalman/motor_library/install/motor_control/lib/python3.8/site-packages:${PYTHONPATH} /usr/bin/python3 setup.py egg_info --egg-base ../../build/motor_control build --build-base /home/andrew/repos/dokalman/motor_library/build/motor_control/build install --prefix /home/andrew/repos/dokalman/motor_library/install/motor_control --record /home/andrew/repos/dokalman/motor_library/build/motor_control/install.log --single-version-externally-managed
[1.091s] running egg_info
[1.092s] creating ../../build/motor_control/motor_control.egg-info
[1.092s] writing ../../build/motor_control/motor_control.egg-info/PKG-INFO
[1.092s] writing dependency_links to ../../build/motor_control/motor_control.egg-info/dependency_links.txt
[1.093s] writing entry points to ../../build/motor_control/motor_control.egg-info/entry_points.txt
[1.093s] writing requirements to ../../build/motor_control/motor_control.egg-info/requires.txt
[1.093s] writing top-level names to ../../build/motor_control/motor_control.egg-info/top_level.txt
[1.094s] writing manifest file '../../build/motor_control/motor_control.egg-info/SOURCES.txt'
[1.141s] reading manifest file '../../build/motor_control/motor_control.egg-info/SOURCES.txt'
[1.142s] writing manifest file '../../build/motor_control/motor_control.egg-info/SOURCES.txt'
[1.142s] running build
[1.142s] running build_py
[1.143s] creating /home/andrew/repos/dokalman/motor_library/build/motor_control/build
[1.143s] creating /home/andrew/repos/dokalman/motor_library/build/motor_control/build/lib
[1.143s] creating /home/andrew/repos/dokalman/motor_library/build/motor_control/build/lib/motor_control
[1.143s] copying motor_control/motor_subscriber_node.py -> /home/andrew/repos/dokalman/motor_library/build/motor_control/build/lib/motor_control
[1.143s] copying motor_control/__init__.py -> /home/andrew/repos/dokalman/motor_library/build/motor_control/build/lib/motor_control
[1.144s] running install
[1.144s] running install_lib
[1.145s] creating /home/andrew/repos/dokalman/motor_library/install/motor_control/lib/python3.8/site-packages/motor_control
[1.146s] copying /home/andrew/repos/dokalman/motor_library/build/motor_control/build/lib/motor_control/motor_subscriber_node.py -> /home/andrew/repos/dokalman/motor_library/install/motor_control/lib/python3.8/site-packages/motor_control
[1.147s] copying /home/andrew/repos/dokalman/motor_library/build/motor_control/build/lib/motor_control/__init__.py -> /home/andrew/repos/dokalman/motor_library/install/motor_control/lib/python3.8/site-packages/motor_control
[1.147s] byte-compiling /home/andrew/repos/dokalman/motor_library/install/motor_control/lib/python3.8/site-packages/motor_control/motor_subscriber_node.py to motor_subscriber_node.cpython-38.pyc
[1.149s] byte-compiling /home/andrew/repos/dokalman/motor_library/install/motor_control/lib/python3.8/site-packages/motor_control/__init__.py to __init__.cpython-38.pyc
[1.149s] running install_data
[1.150s] creating /home/andrew/repos/dokalman/motor_library/install/motor_control/share/ament_index
[1.150s] creating /home/andrew/repos/dokalman/motor_library/install/motor_control/share/ament_index/resource_index
[1.150s] creating /home/andrew/repos/dokalman/motor_library/install/motor_control/share/ament_index/resource_index/packages
[1.151s] copying resource/motor_control -> /home/andrew/repos/dokalman/motor_library/install/motor_control/share/ament_index/resource_index/packages
[1.151s] copying package.xml -> /home/andrew/repos/dokalman/motor_library/install/motor_control/share/motor_control
[1.151s] running install_egg_info
[1.152s] Copying ../../build/motor_control/motor_control.egg-info to /home/andrew/repos/dokalman/motor_library/install/motor_control/lib/python3.8/site-packages/motor_control-0.0.0-py3.8.egg-info
[1.154s] running install_scripts
[1.174s] Installing listener script to /home/andrew/repos/dokalman/motor_library/install/motor_control/lib/motor_control
[1.174s] writing list of installed files to '/home/andrew/repos/dokalman/motor_library/build/motor_control/install.log'
[1.200s] Invoked command in '/home/andrew/repos/dokalman/motor_library/src/motor_control' returned '0': CONDA_PROMPT_MODIFIER=(base) PYTHONPATH=/home/andrew/repos/dokalman/motor_library/install/motor_control/lib/python3.8/site-packages:${PYTHONPATH} /usr/bin/python3 setup.py egg_info --egg-base ../../build/motor_control build --build-base /home/andrew/repos/dokalman/motor_library/build/motor_control/build install --prefix /home/andrew/repos/dokalman/motor_library/install/motor_control --record /home/andrew/repos/dokalman/motor_library/build/motor_control/install.log --single-version-externally-managed
