[0.315s] DEBUG:colcon:Command line arguments: ['/usr/bin/colcon', 'build']
[0.315s] DEBUG:colcon:Parsed command line arguments: Namespace(allow_overriding=[], ament_cmake_args=None, base_paths=['.'], build_base='build', catkin_cmake_args=None, catkin_skip_building_tests=False, cmake_args=None, cmake_clean_cache=False, cmake_clean_first=False, cmake_force_configure=False, cmake_target=None, cmake_target_skip_unavailable=False, continue_on_error=False, event_handlers=None, executor='parallel', ignore_user_meta=False, install_base='install', log_base=None, log_level=None, main=<bound method BuildVerb.main of <colcon_core.verb.build.BuildVerb object at 0x7f44f93a9d30>>, merge_install=False, metas=['./colcon.meta'], packages_above=None, packages_above_and_dependencies=None, packages_above_depth=None, packages_end=None, packages_ignore=None, packages_ignore_regex=None, packages_select=None, packages_select_build_failed=False, packages_select_by_dep=None, packages_select_regex=None, packages_select_test_failures=False, packages_skip=None, packages_skip_build_finished=False, packages_skip_by_dep=None, packages_skip_regex=None, packages_skip_test_passed=False, packages_skip_up_to=None, packages_start=None, packages_up_to=None, packages_up_to_regex=None, parallel_workers=4, paths=None, symlink_install=False, test_result_base=None, verb_extension=<colcon_core.verb.build.BuildVerb object at 0x7f44f93a9d30>, verb_name='build', verb_parser=<colcon_defaults.argument_parser.defaults.DefaultArgumentsDecorator object at 0x7f44f93b32e0>)
[0.350s] Level 1:colcon.colcon_core.package_discovery:discover_packages(colcon_meta) check parameters
[0.350s] Level 1:colcon.colcon_core.package_discovery:discover_packages(recursive) check parameters
[0.350s] Level 1:colcon.colcon_core.package_discovery:discover_packages(ignore) check parameters
[0.351s] Level 1:colcon.colcon_core.package_discovery:discover_packages(path) check parameters
[0.351s] Level 1:colcon.colcon_core.package_discovery:discover_packages(colcon_meta) discover
[0.351s] Level 1:colcon.colcon_core.package_discovery:discover_packages(recursive) discover
[0.351s] INFO:colcon.colcon_core.package_discovery:Crawling recursively for packages in '/home/andrew/repos/dokalman/motor_library'
[0.351s] Level 1:colcon.colcon_core.package_identification:_identify(.) by extensions ['ignore', 'ignore_ament_install']
[0.352s] Level 1:colcon.colcon_core.package_identification:_identify(.) by extension 'ignore'
[0.352s] Level 1:colcon.colcon_core.package_identification:_identify(.) by extension 'ignore_ament_install'
[0.352s] Level 1:colcon.colcon_core.package_identification:_identify(.) by extensions ['colcon_pkg']
[0.352s] Level 1:colcon.colcon_core.package_identification:_identify(.) by extension 'colcon_pkg'
[0.352s] Level 1:colcon.colcon_core.package_identification:_identify(.) by extensions ['colcon_meta']
[0.352s] Level 1:colcon.colcon_core.package_identification:_identify(.) by extension 'colcon_meta'
[0.353s] Level 1:colcon.colcon_core.package_identification:_identify(.) by extensions ['ros']
[0.353s] Level 1:colcon.colcon_core.package_identification:_identify(.) by extension 'ros'
[0.369s] Level 1:colcon.colcon_core.package_identification:_identify(.) by extensions ['cmake', 'python']
[0.370s] Level 1:colcon.colcon_core.package_identification:_identify(.) by extension 'cmake'
[0.370s] Level 1:colcon.colcon_core.package_identification:_identify(.) by extension 'python'
[0.371s] Level 1:colcon.colcon_core.package_identification:_identify(.) by extensions ['python_setup_py']
[0.372s] Level 1:colcon.colcon_core.package_identification:_identify(.) by extension 'python_setup_py'
[0.372s] Level 1:colcon.colcon_core.package_identification:_identify(arduino_code) by extensions ['ignore', 'ignore_ament_install']
[0.373s] Level 1:colcon.colcon_core.package_identification:_identify(arduino_code) by extension 'ignore'
[0.373s] Level 1:colcon.colcon_core.package_identification:_identify(arduino_code) by extension 'ignore_ament_install'
[0.374s] Level 1:colcon.colcon_core.package_identification:_identify(arduino_code) by extensions ['colcon_pkg']
[0.374s] Level 1:colcon.colcon_core.package_identification:_identify(arduino_code) by extension 'colcon_pkg'
[0.374s] Level 1:colcon.colcon_core.package_identification:_identify(arduino_code) by extensions ['colcon_meta']
[0.374s] Level 1:colcon.colcon_core.package_identification:_identify(arduino_code) by extension 'colcon_meta'
[0.375s] Level 1:colcon.colcon_core.package_identification:_identify(arduino_code) by extensions ['ros']
[0.375s] Level 1:colcon.colcon_core.package_identification:_identify(arduino_code) by extension 'ros'
[0.375s] Level 1:colcon.colcon_core.package_identification:_identify(arduino_code) by extensions ['cmake', 'python']
[0.375s] Level 1:colcon.colcon_core.package_identification:_identify(arduino_code) by extension 'cmake'
[0.375s] Level 1:colcon.colcon_core.package_identification:_identify(arduino_code) by extension 'python'
[0.375s] Level 1:colcon.colcon_core.package_identification:_identify(arduino_code) by extensions ['python_setup_py']
[0.375s] Level 1:colcon.colcon_core.package_identification:_identify(arduino_code) by extension 'python_setup_py'
[0.375s] Level 1:colcon.colcon_core.package_identification:_identify(arduino_code/arduino_main) by extensions ['ignore', 'ignore_ament_install']
[0.376s] Level 1:colcon.colcon_core.package_identification:_identify(arduino_code/arduino_main) by extension 'ignore'
[0.376s] Level 1:colcon.colcon_core.package_identification:_identify(arduino_code/arduino_main) by extension 'ignore_ament_install'
[0.376s] Level 1:colcon.colcon_core.package_identification:_identify(arduino_code/arduino_main) by extensions ['colcon_pkg']
[0.376s] Level 1:colcon.colcon_core.package_identification:_identify(arduino_code/arduino_main) by extension 'colcon_pkg'
[0.376s] Level 1:colcon.colcon_core.package_identification:_identify(arduino_code/arduino_main) by extensions ['colcon_meta']
[0.376s] Level 1:colcon.colcon_core.package_identification:_identify(arduino_code/arduino_main) by extension 'colcon_meta'
[0.376s] Level 1:colcon.colcon_core.package_identification:_identify(arduino_code/arduino_main) by extensions ['ros']
[0.376s] Level 1:colcon.colcon_core.package_identification:_identify(arduino_code/arduino_main) by extension 'ros'
[0.376s] Level 1:colcon.colcon_core.package_identification:_identify(arduino_code/arduino_main) by extensions ['cmake', 'python']
[0.376s] Level 1:colcon.colcon_core.package_identification:_identify(arduino_code/arduino_main) by extension 'cmake'
[0.377s] Level 1:colcon.colcon_core.package_identification:_identify(arduino_code/arduino_main) by extension 'python'
[0.377s] Level 1:colcon.colcon_core.package_identification:_identify(arduino_code/arduino_main) by extensions ['python_setup_py']
[0.377s] Level 1:colcon.colcon_core.package_identification:_identify(arduino_code/arduino_main) by extension 'python_setup_py'
[0.377s] Level 1:colcon.colcon_core.package_identification:_identify(arduino_code/basic_send_receive) by extensions ['ignore', 'ignore_ament_install']
[0.377s] Level 1:colcon.colcon_core.package_identification:_identify(arduino_code/basic_send_receive) by extension 'ignore'
[0.377s] Level 1:colcon.colcon_core.package_identification:_identify(arduino_code/basic_send_receive) by extension 'ignore_ament_install'
[0.377s] Level 1:colcon.colcon_core.package_identification:_identify(arduino_code/basic_send_receive) by extensions ['colcon_pkg']
[0.377s] Level 1:colcon.colcon_core.package_identification:_identify(arduino_code/basic_send_receive) by extension 'colcon_pkg'
[0.377s] Level 1:colcon.colcon_core.package_identification:_identify(arduino_code/basic_send_receive) by extensions ['colcon_meta']
[0.378s] Level 1:colcon.colcon_core.package_identification:_identify(arduino_code/basic_send_receive) by extension 'colcon_meta'
[0.378s] Level 1:colcon.colcon_core.package_identification:_identify(arduino_code/basic_send_receive) by extensions ['ros']
[0.378s] Level 1:colcon.colcon_core.package_identification:_identify(arduino_code/basic_send_receive) by extension 'ros'
[0.378s] Level 1:colcon.colcon_core.package_identification:_identify(arduino_code/basic_send_receive) by extensions ['cmake', 'python']
[0.378s] Level 1:colcon.colcon_core.package_identification:_identify(arduino_code/basic_send_receive) by extension 'cmake'
[0.378s] Level 1:colcon.colcon_core.package_identification:_identify(arduino_code/basic_send_receive) by extension 'python'
[0.378s] Level 1:colcon.colcon_core.package_identification:_identify(arduino_code/basic_send_receive) by extensions ['python_setup_py']
[0.378s] Level 1:colcon.colcon_core.package_identification:_identify(arduino_code/basic_send_receive) by extension 'python_setup_py'
[0.378s] Level 1:colcon.colcon_core.package_identification:_identify(arduino_code/rc_receiver) by extensions ['ignore', 'ignore_ament_install']
[0.379s] Level 1:colcon.colcon_core.package_identification:_identify(arduino_code/rc_receiver) by extension 'ignore'
[0.379s] Level 1:colcon.colcon_core.package_identification:_identify(arduino_code/rc_receiver) by extension 'ignore_ament_install'
[0.379s] Level 1:colcon.colcon_core.package_identification:_identify(arduino_code/rc_receiver) by extensions ['colcon_pkg']
[0.379s] Level 1:colcon.colcon_core.package_identification:_identify(arduino_code/rc_receiver) by extension 'colcon_pkg'
[0.379s] Level 1:colcon.colcon_core.package_identification:_identify(arduino_code/rc_receiver) by extensions ['colcon_meta']
[0.379s] Level 1:colcon.colcon_core.package_identification:_identify(arduino_code/rc_receiver) by extension 'colcon_meta'
[0.379s] Level 1:colcon.colcon_core.package_identification:_identify(arduino_code/rc_receiver) by extensions ['ros']
[0.379s] Level 1:colcon.colcon_core.package_identification:_identify(arduino_code/rc_receiver) by extension 'ros'
[0.379s] Level 1:colcon.colcon_core.package_identification:_identify(arduino_code/rc_receiver) by extensions ['cmake', 'python']
[0.379s] Level 1:colcon.colcon_core.package_identification:_identify(arduino_code/rc_receiver) by extension 'cmake'
[0.380s] Level 1:colcon.colcon_core.package_identification:_identify(arduino_code/rc_receiver) by extension 'python'
[0.380s] Level 1:colcon.colcon_core.package_identification:_identify(arduino_code/rc_receiver) by extensions ['python_setup_py']
[0.380s] Level 1:colcon.colcon_core.package_identification:_identify(arduino_code/rc_receiver) by extension 'python_setup_py'
[0.380s] Level 1:colcon.colcon_core.package_identification:_identify(build) by extensions ['ignore', 'ignore_ament_install']
[0.380s] Level 1:colcon.colcon_core.package_identification:_identify(build) by extension 'ignore'
[0.380s] Level 1:colcon.colcon_core.package_identification:_identify(build) ignored
[0.380s] Level 1:colcon.colcon_core.package_identification:_identify(install) by extensions ['ignore', 'ignore_ament_install']
[0.380s] Level 1:colcon.colcon_core.package_identification:_identify(install) by extension 'ignore'
[0.381s] Level 1:colcon.colcon_core.package_identification:_identify(install) ignored
[0.381s] Level 1:colcon.colcon_core.package_identification:_identify(log) by extensions ['ignore', 'ignore_ament_install']
[0.381s] Level 1:colcon.colcon_core.package_identification:_identify(log) by extension 'ignore'
[0.381s] Level 1:colcon.colcon_core.package_identification:_identify(log) ignored
[0.381s] Level 1:colcon.colcon_core.package_identification:_identify(python_code) by extensions ['ignore', 'ignore_ament_install']
[0.381s] Level 1:colcon.colcon_core.package_identification:_identify(python_code) by extension 'ignore'
[0.381s] Level 1:colcon.colcon_core.package_identification:_identify(python_code) by extension 'ignore_ament_install'
[0.381s] Level 1:colcon.colcon_core.package_identification:_identify(python_code) by extensions ['colcon_pkg']
[0.382s] Level 1:colcon.colcon_core.package_identification:_identify(python_code) by extension 'colcon_pkg'
[0.382s] Level 1:colcon.colcon_core.package_identification:_identify(python_code) by extensions ['colcon_meta']
[0.382s] Level 1:colcon.colcon_core.package_identification:_identify(python_code) by extension 'colcon_meta'
[0.382s] Level 1:colcon.colcon_core.package_identification:_identify(python_code) by extensions ['ros']
[0.382s] Level 1:colcon.colcon_core.package_identification:_identify(python_code) by extension 'ros'
[0.382s] Level 1:colcon.colcon_core.package_identification:_identify(python_code) by extensions ['cmake', 'python']
[0.382s] Level 1:colcon.colcon_core.package_identification:_identify(python_code) by extension 'cmake'
[0.382s] Level 1:colcon.colcon_core.package_identification:_identify(python_code) by extension 'python'
[0.382s] Level 1:colcon.colcon_core.package_identification:_identify(python_code) by extensions ['python_setup_py']
[0.382s] Level 1:colcon.colcon_core.package_identification:_identify(python_code) by extension 'python_setup_py'
[0.383s] Level 1:colcon.colcon_core.package_identification:_identify(src) by extensions ['ignore', 'ignore_ament_install']
[0.383s] Level 1:colcon.colcon_core.package_identification:_identify(src) by extension 'ignore'
[0.383s] Level 1:colcon.colcon_core.package_identification:_identify(src) by extension 'ignore_ament_install'
[0.383s] Level 1:colcon.colcon_core.package_identification:_identify(src) by extensions ['colcon_pkg']
[0.383s] Level 1:colcon.colcon_core.package_identification:_identify(src) by extension 'colcon_pkg'
[0.383s] Level 1:colcon.colcon_core.package_identification:_identify(src) by extensions ['colcon_meta']
[0.383s] Level 1:colcon.colcon_core.package_identification:_identify(src) by extension 'colcon_meta'
[0.383s] Level 1:colcon.colcon_core.package_identification:_identify(src) by extensions ['ros']
[0.383s] Level 1:colcon.colcon_core.package_identification:_identify(src) by extension 'ros'
[0.384s] Level 1:colcon.colcon_core.package_identification:_identify(src) by extensions ['cmake', 'python']
[0.384s] Level 1:colcon.colcon_core.package_identification:_identify(src) by extension 'cmake'
[0.384s] Level 1:colcon.colcon_core.package_identification:_identify(src) by extension 'python'
[0.384s] Level 1:colcon.colcon_core.package_identification:_identify(src) by extensions ['python_setup_py']
[0.384s] Level 1:colcon.colcon_core.package_identification:_identify(src) by extension 'python_setup_py'
[0.384s] Level 1:colcon.colcon_core.package_identification:_identify(src/motor_control) by extensions ['ignore', 'ignore_ament_install']
[0.384s] Level 1:colcon.colcon_core.package_identification:_identify(src/motor_control) by extension 'ignore'
[0.384s] Level 1:colcon.colcon_core.package_identification:_identify(src/motor_control) by extension 'ignore_ament_install'
[0.384s] Level 1:colcon.colcon_core.package_identification:_identify(src/motor_control) by extensions ['colcon_pkg']
[0.385s] Level 1:colcon.colcon_core.package_identification:_identify(src/motor_control) by extension 'colcon_pkg'
[0.385s] Level 1:colcon.colcon_core.package_identification:_identify(src/motor_control) by extensions ['colcon_meta']
[0.385s] Level 1:colcon.colcon_core.package_identification:_identify(src/motor_control) by extension 'colcon_meta'
[0.385s] Level 1:colcon.colcon_core.package_identification:_identify(src/motor_control) by extensions ['ros']
[0.385s] Level 1:colcon.colcon_core.package_identification:_identify(src/motor_control) by extension 'ros'
[0.389s] DEBUG:colcon.colcon_core.package_identification:Package 'src/motor_control' with type 'ros.ament_python' and name 'motor_control'
[0.389s] Level 1:colcon.colcon_core.package_discovery:discover_packages(recursive) using defaults
[0.389s] Level 1:colcon.colcon_core.package_discovery:discover_packages(ignore) discover
[0.389s] Level 1:colcon.colcon_core.package_discovery:discover_packages(ignore) using defaults
[0.390s] Level 1:colcon.colcon_core.package_discovery:discover_packages(path) discover
[0.390s] Level 1:colcon.colcon_core.package_discovery:discover_packages(path) using defaults
[0.432s] Level 1:colcon.colcon_core.package_discovery:discover_packages(prefix_path) check parameters
[0.432s] Level 1:colcon.colcon_core.package_discovery:discover_packages(prefix_path) discover
[0.434s] WARNING:colcon.colcon_core.prefix_path.colcon:The path '/home/andrew/repos/dokalman/motor_library/motor_control/install' in the environment variable COLCON_PREFIX_PATH doesn't exist
[0.435s] WARNING:colcon.colcon_ros.prefix_path.ament:The path '/home/andrew/repos/dokalman/motor_library/motor_control/install/motor_control' in the environment variable AMENT_PREFIX_PATH doesn't exist
[0.437s] DEBUG:colcon.colcon_installed_package_information.package_discovery:Found 1 installed packages in /home/andrew/repos/dokalman/motor_library/install
[0.439s] DEBUG:colcon.colcon_installed_package_information.package_discovery:Found 256 installed packages in /opt/ros/foxy
[0.442s] Level 1:colcon.colcon_core.package_discovery:discover_packages(prefix_path) using defaults
[0.547s] Level 5:colcon.colcon_core.verb:set package 'motor_control' build argument 'cmake_args' from command line to 'None'
[0.547s] Level 5:colcon.colcon_core.verb:set package 'motor_control' build argument 'cmake_target' from command line to 'None'
[0.547s] Level 5:colcon.colcon_core.verb:set package 'motor_control' build argument 'cmake_target_skip_unavailable' from command line to 'False'
[0.547s] Level 5:colcon.colcon_core.verb:set package 'motor_control' build argument 'cmake_clean_cache' from command line to 'False'
[0.547s] Level 5:colcon.colcon_core.verb:set package 'motor_control' build argument 'cmake_clean_first' from command line to 'False'
[0.547s] Level 5:colcon.colcon_core.verb:set package 'motor_control' build argument 'cmake_force_configure' from command line to 'False'
[0.547s] Level 5:colcon.colcon_core.verb:set package 'motor_control' build argument 'ament_cmake_args' from command line to 'None'
[0.548s] Level 5:colcon.colcon_core.verb:set package 'motor_control' build argument 'catkin_cmake_args' from command line to 'None'
[0.548s] Level 5:colcon.colcon_core.verb:set package 'motor_control' build argument 'catkin_skip_building_tests' from command line to 'False'
[0.548s] DEBUG:colcon.colcon_core.verb:Building package 'motor_control' with the following arguments: {'ament_cmake_args': None, 'build_base': '/home/andrew/repos/dokalman/motor_library/build/motor_control', 'catkin_cmake_args': None, 'catkin_skip_building_tests': False, 'cmake_args': None, 'cmake_clean_cache': False, 'cmake_clean_first': False, 'cmake_force_configure': False, 'cmake_target': None, 'cmake_target_skip_unavailable': False, 'install_base': '/home/andrew/repos/dokalman/motor_library/install/motor_control', 'merge_install': False, 'path': '/home/andrew/repos/dokalman/motor_library/src/motor_control', 'symlink_install': False, 'test_result_base': None}
[0.549s] INFO:colcon.colcon_core.executor:Executing jobs using 'parallel' executor
[0.556s] DEBUG:colcon.colcon_parallel_executor.executor.parallel:run_until_complete
[0.556s] INFO:colcon.colcon_ros.task.ament_python.build:Building ROS package in '/home/andrew/repos/dokalman/motor_library/src/motor_control' with build type 'ament_python'
[0.557s] Level 1:colcon.colcon_core.shell:create_environment_hook('motor_control', 'ament_prefix_path')
[0.562s] INFO:colcon.colcon_core.plugin_system:Skipping extension 'colcon_core.shell.bat': Not used on non-Windows systems
[0.563s] INFO:colcon.colcon_core.shell:Creating environment hook '/home/andrew/repos/dokalman/motor_library/install/motor_control/share/motor_control/hook/ament_prefix_path.ps1'
[0.563s] INFO:colcon.colcon_core.shell:Creating environment descriptor '/home/andrew/repos/dokalman/motor_library/install/motor_control/share/motor_control/hook/ament_prefix_path.dsv'
[0.564s] INFO:colcon.colcon_core.shell:Creating environment hook '/home/andrew/repos/dokalman/motor_library/install/motor_control/share/motor_control/hook/ament_prefix_path.sh'
[0.567s] INFO:colcon.colcon_core.shell:Skip shell extension 'powershell' for command environment: Not usable outside of PowerShell
[0.567s] DEBUG:colcon.colcon_core.shell:Skip shell extension 'dsv' for command environment
[0.863s] INFO:colcon.colcon_core.task.python.build:Building Python package in '/home/andrew/repos/dokalman/motor_library/src/motor_control'
[0.866s] INFO:colcon.colcon_core.shell:Skip shell extension 'powershell' for command environment: Not usable outside of PowerShell
[0.866s] DEBUG:colcon.colcon_core.shell:Skip shell extension 'dsv' for command environment
[1.365s] DEBUG:colcon.colcon_core.event_handler.log_command:Invoking command in '/home/andrew/repos/dokalman/motor_library/src/motor_control': CONDA_PROMPT_MODIFIER=(base) PYTHONPATH=/home/andrew/repos/dokalman/motor_library/install/motor_control/lib/python3.8/site-packages:${PYTHONPATH} /usr/bin/python3 setup.py egg_info --egg-base ../../build/motor_control build --build-base /home/andrew/repos/dokalman/motor_library/build/motor_control/build install --prefix /home/andrew/repos/dokalman/motor_library/install/motor_control --record /home/andrew/repos/dokalman/motor_library/build/motor_control/install.log --single-version-externally-managed
[1.743s] DEBUG:colcon.colcon_core.event_handler.log_command:Invoked command in '/home/andrew/repos/dokalman/motor_library/src/motor_control' returned '0': CONDA_PROMPT_MODIFIER=(base) PYTHONPATH=/home/andrew/repos/dokalman/motor_library/install/motor_control/lib/python3.8/site-packages:${PYTHONPATH} /usr/bin/python3 setup.py egg_info --egg-base ../../build/motor_control build --build-base /home/andrew/repos/dokalman/motor_library/build/motor_control/build install --prefix /home/andrew/repos/dokalman/motor_library/install/motor_control --record /home/andrew/repos/dokalman/motor_library/build/motor_control/install.log --single-version-externally-managed
[1.748s] Level 1:colcon.colcon_core.environment:checking '/home/andrew/repos/dokalman/motor_library/install/motor_control' for CMake module files
[1.749s] Level 1:colcon.colcon_core.environment:checking '/home/andrew/repos/dokalman/motor_library/install/motor_control' for CMake config files
[1.750s] Level 1:colcon.colcon_core.environment:checking '/home/andrew/repos/dokalman/motor_library/install/motor_control/lib'
[1.750s] Level 1:colcon.colcon_core.environment:checking '/home/andrew/repos/dokalman/motor_library/install/motor_control/bin'
[1.750s] Level 1:colcon.colcon_core.environment:checking '/home/andrew/repos/dokalman/motor_library/install/motor_control/lib/pkgconfig/motor_control.pc'
[1.750s] Level 1:colcon.colcon_core.environment:checking '/home/andrew/repos/dokalman/motor_library/install/motor_control/lib/python3.8/site-packages'
[1.751s] Level 1:colcon.colcon_core.shell:create_environment_hook('motor_control', 'pythonpath')
[1.753s] INFO:colcon.colcon_core.shell:Creating environment hook '/home/andrew/repos/dokalman/motor_library/install/motor_control/share/motor_control/hook/pythonpath.ps1'
[1.753s] INFO:colcon.colcon_core.shell:Creating environment descriptor '/home/andrew/repos/dokalman/motor_library/install/motor_control/share/motor_control/hook/pythonpath.dsv'
[1.754s] INFO:colcon.colcon_core.shell:Creating environment hook '/home/andrew/repos/dokalman/motor_library/install/motor_control/share/motor_control/hook/pythonpath.sh'
[1.754s] Level 1:colcon.colcon_core.environment:checking '/home/andrew/repos/dokalman/motor_library/install/motor_control/bin'
[1.754s] Level 1:colcon.colcon_core.environment:create_environment_scripts_only(motor_control)
[1.757s] INFO:colcon.colcon_core.shell:Creating package script '/home/andrew/repos/dokalman/motor_library/install/motor_control/share/motor_control/package.ps1'
[1.758s] INFO:colcon.colcon_core.shell:Creating package descriptor '/home/andrew/repos/dokalman/motor_library/install/motor_control/share/motor_control/package.dsv'
[1.759s] INFO:colcon.colcon_core.shell:Creating package script '/home/andrew/repos/dokalman/motor_library/install/motor_control/share/motor_control/package.sh'
[1.760s] INFO:colcon.colcon_core.shell:Creating package script '/home/andrew/repos/dokalman/motor_library/install/motor_control/share/motor_control/package.bash'
[1.761s] INFO:colcon.colcon_core.shell:Creating package script '/home/andrew/repos/dokalman/motor_library/install/motor_control/share/motor_control/package.zsh'
[1.762s] Level 1:colcon.colcon_core.environment:create_file_with_runtime_dependencies(/home/andrew/repos/dokalman/motor_library/install/motor_control/share/colcon-core/packages/motor_control)
[1.762s] DEBUG:colcon.colcon_parallel_executor.executor.parallel:closing loop
[1.763s] DEBUG:colcon.colcon_parallel_executor.executor.parallel:loop closed
[1.763s] DEBUG:colcon.colcon_parallel_executor.executor.parallel:run_until_complete finished with '0'
[1.763s] DEBUG:colcon.colcon_core.event_reactor:joining thread
[1.828s] INFO:colcon.colcon_core.plugin_system:Skipping extension 'colcon_notification.desktop_notification.notify_send': Could not find 'notify-send'
[1.828s] INFO:colcon.colcon_core.plugin_system:Skipping extension 'colcon_notification.desktop_notification.terminal_notifier': Not used on non-Darwin systems
[1.828s] INFO:colcon.colcon_core.plugin_system:Skipping extension 'colcon_notification.desktop_notification.win32': Not used on non-Windows systems
[1.828s] INFO:colcon.colcon_notification.desktop_notification:Sending desktop notification using 'notify2'
[1.829s] DEBUG:colcon.colcon_notification.desktop_notification.notify2:Failed to initialize notify2: org.freedesktop.DBus.Error.NotSupported: Unable to autolaunch a dbus-daemon without a $DISPLAY for X11
[1.829s] DEBUG:colcon.colcon_core.event_reactor:joined thread
[1.831s] INFO:colcon.colcon_core.shell:Creating prefix script '/home/andrew/repos/dokalman/motor_library/install/local_setup.ps1'
[1.832s] INFO:colcon.colcon_core.shell:Creating prefix util module '/home/andrew/repos/dokalman/motor_library/install/_local_setup_util_ps1.py'
[1.834s] INFO:colcon.colcon_core.shell:Creating prefix chain script '/home/andrew/repos/dokalman/motor_library/install/setup.ps1'
[1.835s] INFO:colcon.colcon_core.shell:Creating prefix script '/home/andrew/repos/dokalman/motor_library/install/local_setup.sh'
[1.836s] INFO:colcon.colcon_core.shell:Creating prefix util module '/home/andrew/repos/dokalman/motor_library/install/_local_setup_util_sh.py'
[1.837s] INFO:colcon.colcon_core.shell:Creating prefix chain script '/home/andrew/repos/dokalman/motor_library/install/setup.sh'
[1.839s] INFO:colcon.colcon_core.shell:Creating prefix script '/home/andrew/repos/dokalman/motor_library/install/local_setup.bash'
[1.840s] INFO:colcon.colcon_core.shell:Creating prefix chain script '/home/andrew/repos/dokalman/motor_library/install/setup.bash'
[1.841s] INFO:colcon.colcon_core.shell:Creating prefix script '/home/andrew/repos/dokalman/motor_library/install/local_setup.zsh'
[1.842s] INFO:colcon.colcon_core.shell:Creating prefix chain script '/home/andrew/repos/dokalman/motor_library/install/setup.zsh'
