/home/uc/repo/dokalman/motor_library/install/motor_control/lib/python3.8/site-packages/motor_control/__init__.py
/home/uc/repo/dokalman/motor_library/install/motor_control/lib/python3.8/site-packages/motor_control/arduino_status_node.py
/home/uc/repo/dokalman/motor_library/install/motor_control/lib/python3.8/site-packages/motor_control/motor_subscriber_node.py
/home/uc/repo/dokalman/motor_library/install/motor_control/lib/python3.8/site-packages/libraries/__init__.py
/home/uc/repo/dokalman/motor_library/install/motor_control/lib/python3.8/site-packages/libraries/serial_utils.py
/home/uc/repo/dokalman/motor_library/install/motor_control/lib/python3.8/site-packages/libraries/test_serial.py
/home/uc/repo/dokalman/motor_library/install/motor_control/lib/python3.8/site-packages/motor_control/__pycache__/__init__.cpython-38.pyc
/home/uc/repo/dokalman/motor_library/install/motor_control/lib/python3.8/site-packages/motor_control/__pycache__/arduino_status_node.cpython-38.pyc
/home/uc/repo/dokalman/motor_library/install/motor_control/lib/python3.8/site-packages/motor_control/__pycache__/motor_subscriber_node.cpython-38.pyc
/home/uc/repo/dokalman/motor_library/install/motor_control/lib/python3.8/site-packages/libraries/__pycache__/__init__.cpython-38.pyc
/home/uc/repo/dokalman/motor_library/install/motor_control/lib/python3.8/site-packages/libraries/__pycache__/serial_utils.cpython-38.pyc
/home/uc/repo/dokalman/motor_library/install/motor_control/lib/python3.8/site-packages/libraries/__pycache__/test_serial.cpython-38.pyc
/home/uc/repo/dokalman/motor_library/install/motor_control/share/ament_index/resource_index/packages/motor_control
/home/uc/repo/dokalman/motor_library/install/motor_control/share/motor_control/package.xml
/home/uc/repo/dokalman/motor_library/install/motor_control/lib/python3.8/site-packages/motor_control-0.0.0-py3.8.egg-info/top_level.txt
/home/uc/repo/dokalman/motor_library/install/motor_control/lib/python3.8/site-packages/motor_control-0.0.0-py3.8.egg-info/dependency_links.txt
/home/uc/repo/dokalman/motor_library/install/motor_control/lib/python3.8/site-packages/motor_control-0.0.0-py3.8.egg-info/requires.txt
/home/uc/repo/dokalman/motor_library/install/motor_control/lib/python3.8/site-packages/motor_control-0.0.0-py3.8.egg-info/PKG-INFO
/home/uc/repo/dokalman/motor_library/install/motor_control/lib/python3.8/site-packages/motor_control-0.0.0-py3.8.egg-info/entry_points.txt
/home/uc/repo/dokalman/motor_library/install/motor_control/lib/python3.8/site-packages/motor_control-0.0.0-py3.8.egg-info/SOURCES.txt
/home/uc/repo/dokalman/motor_library/install/motor_control/lib/python3.8/site-packages/motor_control-0.0.0-py3.8.egg-info/zip-safe
/home/uc/repo/dokalman/motor_library/install/motor_control/lib/motor_control/arduino_node
