[0.807s] Invoking command in '/home/andrew/repos/dokalman/motor_library/src/motor_control': CONDA_PROMPT_MODIFIER=(base) PYTHONPATH=/home/andrew/repos/dokalman/motor_library/install/motor_control/lib/python3.8/site-packages:${PYTHONPATH} /usr/bin/python3 setup.py egg_info --egg-base ../../build/motor_control build --build-base /home/andrew/repos/dokalman/motor_library/build/motor_control/build install --prefix /home/andrew/repos/dokalman/motor_library/install/motor_control --record /home/andrew/repos/dokalman/motor_library/build/motor_control/install.log --single-version-externally-managed
[1.074s] running egg_info
[1.075s] writing ../../build/motor_control/motor_control.egg-info/PKG-INFO
[1.075s] writing dependency_links to ../../build/motor_control/motor_control.egg-info/dependency_links.txt
[1.076s] writing entry points to ../../build/motor_control/motor_control.egg-info/entry_points.txt
[1.076s] writing requirements to ../../build/motor_control/motor_control.egg-info/requires.txt
[1.076s] writing top-level names to ../../build/motor_control/motor_control.egg-info/top_level.txt
[1.127s] reading manifest file '../../build/motor_control/motor_control.egg-info/SOURCES.txt'
[1.129s] writing manifest file '../../build/motor_control/motor_control.egg-info/SOURCES.txt'
[1.129s] running build
[1.129s] running build_py
[1.130s] copying motor_control/motor_subscriber_node.py -> /home/andrew/repos/dokalman/motor_library/build/motor_control/build/lib/motor_control
[1.130s] running install
[1.131s] running install_lib
[1.132s] copying /home/andrew/repos/dokalman/motor_library/build/motor_control/build/lib/motor_control/motor_subscriber_node.py -> /home/andrew/repos/dokalman/motor_library/install/motor_control/lib/python3.8/site-packages/motor_control
[1.132s] byte-compiling /home/andrew/repos/dokalman/motor_library/install/motor_control/lib/python3.8/site-packages/motor_control/motor_subscriber_node.py to motor_subscriber_node.cpython-38.pyc
[1.134s] running install_data
[1.135s] copying package.xml -> /home/andrew/repos/dokalman/motor_library/install/motor_control/share/motor_control
[1.135s] running install_egg_info
[1.137s] removing '/home/andrew/repos/dokalman/motor_library/install/motor_control/lib/python3.8/site-packages/motor_control-0.0.0-py3.8.egg-info' (and everything under it)
[1.137s] Copying ../../build/motor_control/motor_control.egg-info to /home/andrew/repos/dokalman/motor_library/install/motor_control/lib/python3.8/site-packages/motor_control-0.0.0-py3.8.egg-info
[1.139s] running install_scripts
[1.159s] Installing listener script to /home/andrew/repos/dokalman/motor_library/install/motor_control/lib/motor_control
[1.159s] writing list of installed files to '/home/andrew/repos/dokalman/motor_library/build/motor_control/install.log'
[1.185s] Invoked command in '/home/andrew/repos/dokalman/motor_library/src/motor_control' returned '0': CONDA_PROMPT_MODIFIER=(base) PYTHONPATH=/home/andrew/repos/dokalman/motor_library/install/motor_control/lib/python3.8/site-packages:${PYTHONPATH} /usr/bin/python3 setup.py egg_info --egg-base ../../build/motor_control build --build-base /home/andrew/repos/dokalman/motor_library/build/motor_control/build install --prefix /home/andrew/repos/dokalman/motor_library/install/motor_control --record /home/andrew/repos/dokalman/motor_library/build/motor_control/install.log --single-version-externally-managed
